Header checksum is valid.
Source      : C:\Users\самсунг\Documents\МГИУ\DIPLOM\Diplomaster\Diplomaster\bin\Debug\Database.sdf
Destination : n/a
Verifying - verMajor: 4, verMinor: 0, verBuild: 8476, verPoint: 1
Time - 2015-13-01 00:25:09.447

 All Pages have valid checksum.
Parse the db file and build list of tables ... DONE.
Cleanup Page list ... DONE.
Scan bad pages ... DONE.
Parse SysObjects table ... DONE.
Copy Tables ... DONE.

Header checksum is valid.
Source      : C:\Users\самсунг\Documents\МГИУ\DIPLOM\Diplomaster\Diplomaster\bin\Debug\Database.sdf
Destination : C:\Users\BF76~1\AppData\Local\Temp\sqlECEA.tmp
Repairing - verMajor: 4, verMinor: 0, verBuild: 8476, verPoint: 1
Time - 2015-13-01 00:25:10.927

 All Pages have valid checksum.
Parse the db file and build list of tables ... DONE.
Cleanup Page list ... DONE.
Scan bad pages ... DONE.
Parse SysObjects table ... DONE.
Copy Schema ... DONE.
Copy Tables ... DONE.
Copy Constraints ... DONE.
Copy Indexes ... DONE.
Copy Constraints ... DONE.

Header checksum is valid.
Source      : C:\Users\самсунг\Documents\МГИУ\DIPLOM\Diplomaster\Diplomaster\bin\Debug\Database.sdf
Destination : n/a
Verifying - verMajor: 4, verMinor: 0, verBuild: 8876, verPoint: 1
Time - 2015-13-01 00:25:23.884

 All Pages have valid checksum.
Parse the db file and build list of tables ... DONE.
Cleanup Page list ... DONE.
Scan bad pages ... DONE.
Parse SysObjects table ... DONE.
Copy Tables ... DONE.

Header checksum is valid.
Source      : C:\Users\самсунг\Documents\МГИУ\DIPLOM\Diplomaster\Diplomaster\bin\Debug\Database.sdf
Destination : n/a
Verifying - verMajor: 4, verMinor: 0, verBuild: 8876, verPoint: 1
Time - 2015-13-01 01:21:49.601

 All Pages have valid checksum.
Parse the db file and build list of tables ... DONE.
Cleanup Page list ... DONE.
Scan bad pages ... DONE.
Parse SysObjects table ... DONE.
Copy Tables ... DONE.

Header checksum is valid.
Source      : C:\Users\самсунг\Documents\МГИУ\DIPLOM\Diplomaster\Diplomaster\bin\Debug\Database.sdf
Destination : n/a
Verifying - verMajor: 4, verMinor: 0, verBuild: 8876, verPoint: 1
Time - 2015-13-01 01:49:11.571

 All Pages have valid checksum.
Parse the db file and build list of tables ... DONE.
Cleanup Page list ... DONE.
Scan bad pages ... DONE.
Parse SysObjects table ... DONE.
Copy Tables ... DONE.

Header checksum is valid.
Source      : C:\Users\самсунг\Documents\МГИУ\DIPLOM\Diplomaster\Diplomaster\bin\Debug\Database.sdf
Destination : n/a
Verifying - verMajor: 4, verMinor: 0, verBuild: 8876, verPoint: 1
Time - 2015-13-01 01:52:07.071

 All Pages have valid checksum.
Parse the db file and build list of tables ... DONE.
Cleanup Page list ... DONE.
Scan bad pages ... DONE.
Parse SysObjects table ... DONE.
Copy Tables ... DONE.

Header checksum is valid.
Source      : C:\Users\самсунг\Documents\МГИУ\DIPLOM\Diplomaster\Diplomaster\bin\Debug\Database.sdf
Destination : n/a
Verifying - verMajor: 4, verMinor: 0, verBuild: 8876, verPoint: 1
Time - 2015-13-01 01:52:18.556

 All Pages have valid checksum.
Parse the db file and build list of tables ... DONE.
Cleanup Page list ... DONE.
Scan bad pages ... DONE.
Parse SysObjects table ... DONE.
Copy Tables ... DONE.

Header checksum is valid.
Source      : C:\Users\самсунг\Documents\МГИУ\DIPLOM\Diplomaster\Diplomaster\bin\Debug\Database.sdf
Destination : n/a
Verifying - verMajor: 4, verMinor: 0, verBuild: 8876, verPoint: 1
Time - 2015-13-01 01:56:04.008

 All Pages have valid checksum.
Parse the db file and build list of tables ... DONE.
Cleanup Page list ... DONE.
Scan bad pages ... DONE.
Parse SysObjects table ... DONE.
Copy Tables ... DONE.

Header checksum is valid.
Source      : C:\Users\самсунг\Documents\МГИУ\DIPLOM\Diplomaster\Diplomaster\bin\Debug\Database.sdf
Destination : n/a
Verifying - verMajor: 4, verMinor: 0, verBuild: 8876, verPoint: 1
Time - 2015-13-01 01:58:17.134

 All Pages have valid checksum.
Parse the db file and build list of tables ... DONE.
Cleanup Page list ... DONE.
Scan bad pages ... DONE.
Parse SysObjects table ... DONE.
Copy Tables ... DONE.

Header checksum is valid.
Source      : C:\Users\самсунг\Documents\МГИУ\DIPLOM\Diplomaster\Diplomaster\bin\Debug\Database.sdf
Destination : n/a
Verifying - verMajor: 4, verMinor: 0, verBuild: 8876, verPoint: 1
Time - 2015-13-01 01:59:38.841

 All Pages have valid checksum.
Parse the db file and build list of tables ... DONE.
Cleanup Page list ... DONE.
Scan bad pages ... DONE.
Parse SysObjects table ... DONE.
Copy Tables ... DONE.

Header checksum is valid.
Source      : C:\Users\самсунг\Documents\МГИУ\DIPLOM\Diplomaster\Diplomaster\bin\Debug\Database.sdf
Destination : n/a
Verifying - verMajor: 4, verMinor: 0, verBuild: 8876, verPoint: 1
Time - 2015-13-01 02:01:01.759

 All Pages have valid checksum.
Parse the db file and build list of tables ... DONE.
Cleanup Page list ... DONE.
Scan bad pages ... DONE.
Parse SysObjects table ... DONE.
Copy Tables ... DONE.

Header checksum is valid.
Source      : C:\Users\самсунг\Documents\МГИУ\DIPLOM\Diplomaster\Diplomaster\bin\Debug\Database.sdf
Destination : n/a
Verifying - verMajor: 4, verMinor: 0, verBuild: 8876, verPoint: 1
Time - 2015-13-01 02:02:02.421

 All Pages have valid checksum.
Parse the db file and build list of tables ... DONE.
Cleanup Page list ... DONE.
Scan bad pages ... DONE.
Parse SysObjects table ... DONE.
Copy Tables ... DONE.

Header checksum is valid.
Source      : C:\Users\самсунг\Documents\МГИУ\DIPLOM\Diplomaster\Diplomaster\bin\Debug\Database.sdf
Destination : n/a
Verifying - verMajor: 4, verMinor: 0, verBuild: 8876, verPoint: 1
Time - 2015-13-01 02:03:38.646

 All Pages have valid checksum.
Parse the db file and build list of tables ... DONE.
Cleanup Page list ... DONE.
Scan bad pages ... DONE.
Parse SysObjects table ... DONE.
Copy Tables ... DONE.

Header checksum is valid.
Source      : C:\Users\самсунг\Documents\МГИУ\DIPLOM\Diplomaster\Diplomaster\bin\Debug\Database.sdf
Destination : n/a
Verifying - verMajor: 4, verMinor: 0, verBuild: 8876, verPoint: 1
Time - 2015-13-01 02:04:12.315

 All Pages have valid checksum.
Parse the db file and build list of tables ... DONE.
Cleanup Page list ... DONE.
Scan bad pages ... DONE.
Parse SysObjects table ... DONE.
Copy Tables ... DONE.

Header checksum is valid.
Source      : C:\Users\самсунг\Documents\МГИУ\DIPLOM\Diplomaster\Diplomaster\bin\Debug\Database.sdf
Destination : n/a
Verifying - verMajor: 4, verMinor: 0, verBuild: 8876, verPoint: 1
Time - 2015-13-01 02:05:44.484

 All Pages have valid checksum.
Parse the db file and build list of tables ... DONE.
Cleanup Page list ... DONE.
Scan bad pages ... DONE.
Parse SysObjects table ... DONE.
Copy Tables ... DONE.

Header checksum is valid.
Source      : C:\Users\самсунг\Documents\МГИУ\DIPLOM\Diplomaster\Diplomaster\bin\Debug\Database.sdf
Destination : n/a
Verifying - verMajor: 4, verMinor: 0, verBuild: 8876, verPoint: 1
Time - 2015-13-01 02:08:39.084

 All Pages have valid checksum.
Parse the db file and build list of tables ... DONE.
Cleanup Page list ... DONE.
Scan bad pages ... DONE.
Parse SysObjects table ... DONE.
Copy Tables ... DONE.

Header checksum is valid.
Source      : C:\Users\самсунг\Documents\МГИУ\DIPLOM\Diplomaster\Diplomaster\bin\Debug\Database.sdf
Destination : n/a
Verifying - verMajor: 4, verMinor: 0, verBuild: 8876, verPoint: 1
Time - 2015-13-01 02:10:12.230

 All Pages have valid checksum.
Parse the db file and build list of tables ... DONE.
Cleanup Page list ... DONE.
Scan bad pages ... DONE.
Parse SysObjects table ... DONE.
Copy Tables ... DONE.

Header checksum is valid.
Source      : C:\Users\самсунг\Documents\МГИУ\DIPLOM\Diplomaster\Diplomaster\bin\Debug\Database.sdf
Destination : n/a
Verifying - verMajor: 4, verMinor: 0, verBuild: 8876, verPoint: 1
Time - 2015-13-01 02:10:33.905

 All Pages have valid checksum.
Parse the db file and build list of tables ... DONE.
Cleanup Page list ... DONE.
Scan bad pages ... DONE.
Parse SysObjects table ... DONE.
Copy Tables ... DONE.

Header checksum is valid.
Source      : C:\Users\самсунг\Documents\МГИУ\DIPLOM\Diplomaster\Diplomaster\bin\Debug\Database.sdf
Destination : n/a
Verifying - verMajor: 4, verMinor: 0, verBuild: 8876, verPoint: 1
Time - 2015-13-01 02:12:01.645

 All Pages have valid checksum.
Parse the db file and build list of tables ... DONE.
Cleanup Page list ... DONE.
Scan bad pages ... DONE.
Parse SysObjects table ... DONE.
Copy Tables ... DONE.

Header checksum is valid.
Source      : C:\Users\самсунг\Documents\МГИУ\DIPLOM\Diplomaster\Diplomaster\bin\Debug\Database.sdf
Destination : n/a
Verifying - verMajor: 4, verMinor: 0, verBuild: 8876, verPoint: 1
Time - 2015-13-01 02:12:32.303

 All Pages have valid checksum.
Parse the db file and build list of tables ... DONE.
Cleanup Page list ... DONE.
Scan bad pages ... DONE.
Parse SysObjects table ... DONE.
Copy Tables ... DONE.

Header checksum is valid.
Source      : C:\Users\самсунг\Documents\МГИУ\DIPLOM\Diplomaster\Diplomaster\bin\Debug\Database.sdf
Destination : n/a
Verifying - verMajor: 4, verMinor: 0, verBuild: 8876, verPoint: 1
Time - 2015-13-01 02:14:01.931

 All Pages have valid checksum.
Parse the db file and build list of tables ... DONE.
Cleanup Page list ... DONE.
Scan bad pages ... DONE.
Parse SysObjects table ... DONE.
Copy Tables ... DONE.

Header checksum is valid.
Source      : C:\Users\самсунг\Documents\МГИУ\DIPLOM\Diplomaster\Diplomaster\bin\Debug\Database.sdf
Destination : n/a
Verifying - verMajor: 4, verMinor: 0, verBuild: 8876, verPoint: 1
Time - 2015-13-01 02:14:33.066

 All Pages have valid checksum.
Parse the db file and build list of tables ... DONE.
Cleanup Page list ... DONE.
Scan bad pages ... DONE.
Parse SysObjects table ... DONE.
Copy Tables ... DONE.

Header checksum is valid.
Source      : C:\Users\самсунг\Documents\МГИУ\DIPLOM\Diplomaster\Diplomaster\bin\Debug\Database.sdf
Destination : n/a
Verifying - verMajor: 4, verMinor: 0, verBuild: 8876, verPoint: 1
Time - 2015-13-01 02:15:13.158

 All Pages have valid checksum.
Parse the db file and build list of tables ... DONE.
Cleanup Page list ... DONE.
Scan bad pages ... DONE.
Parse SysObjects table ... DONE.
Copy Tables ... DONE.

Header checksum is valid.
Source      : C:\Users\самсунг\Documents\МГИУ\DIPLOM\Diplomaster\Diplomaster\bin\Debug\Database.sdf
Destination : n/a
Verifying - verMajor: 4, verMinor: 0, verBuild: 8876, verPoint: 1
Time - 2015-13-01 02:15:57.116

 All Pages have valid checksum.
Parse the db file and build list of tables ... DONE.
Cleanup Page list ... DONE.
Scan bad pages ... DONE.
Parse SysObjects table ... DONE.
Copy Tables ... DONE.

Header checksum is valid.
Source      : C:\Users\самсунг\Documents\МГИУ\DIPLOM\Diplomaster\Diplomaster\bin\Debug\Database.sdf
Destination : n/a
Verifying - verMajor: 4, verMinor: 0, verBuild: 8876, verPoint: 1
Time - 2015-13-01 02:16:46.483

 All Pages have valid checksum.
Parse the db file and build list of tables ... DONE.
Cleanup Page list ... DONE.
Scan bad pages ... DONE.
Parse SysObjects table ... DONE.
Copy Tables ... DONE.

Header checksum is valid.
Source      : C:\Users\самсунг\Documents\МГИУ\DIPLOM\Diplomaster\Diplomaster\bin\Debug\Database.sdf
Destination : n/a
Verifying - verMajor: 4, verMinor: 0, verBuild: 8876, verPoint: 1
Time - 2015-13-01 02:17:14.192

 All Pages have valid checksum.
Parse the db file and build list of tables ... DONE.
Cleanup Page list ... DONE.
Scan bad pages ... DONE.
Parse SysObjects table ... DONE.
Copy Tables ... DONE.

Header checksum is valid.
Source      : C:\Users\самсунг\Documents\МГИУ\DIPLOM\Diplomaster\Diplomaster\bin\Debug\Database.sdf
Destination : n/a
Verifying - verMajor: 4, verMinor: 0, verBuild: 8876, verPoint: 1
Time - 2015-13-01 02:25:03.407

 All Pages have valid checksum.
Parse the db file and build list of tables ... DONE.
Cleanup Page list ... DONE.
Scan bad pages ... DONE.
Parse SysObjects table ... DONE.
Copy Tables ... DONE.

Header checksum is valid.
Source      : C:\Users\самсунг\Documents\МГИУ\DIPLOM\Diplomaster\Diplomaster\bin\Debug\Database.sdf
Destination : n/a
Verifying - verMajor: 4, verMinor: 0, verBuild: 8876, verPoint: 1
Time - 2015-13-01 02:25:42.855

 All Pages have valid checksum.
Parse the db file and build list of tables ... DONE.
Cleanup Page list ... DONE.
Scan bad pages ... DONE.
Parse SysObjects table ... DONE.
Copy Tables ... DONE.

Header checksum is valid.
Source      : C:\Users\самсунг\Documents\МГИУ\DIPLOM\Diplomaster\Diplomaster\bin\Debug\Database.sdf
Destination : n/a
Verifying - verMajor: 4, verMinor: 0, verBuild: 8876, verPoint: 1
Time - 2015-13-01 02:25:57.370

 All Pages have valid checksum.
Parse the db file and build list of tables ... DONE.
Cleanup Page list ... DONE.
Scan bad pages ... DONE.
Parse SysObjects table ... DONE.
Copy Tables ... DONE.

Header checksum is valid.
Source      : C:\Users\самсунг\Documents\МГИУ\DIPLOM\Diplomaster\Diplomaster\bin\Debug\Database.sdf
Destination : n/a
Verifying - verMajor: 4, verMinor: 0, verBuild: 8876, verPoint: 1
Time - 2015-13-01 02:26:29.366

 All Pages have valid checksum.
Parse the db file and build list of tables ... DONE.
Cleanup Page list ... DONE.
Scan bad pages ... DONE.
Parse SysObjects table ... DONE.
Copy Tables ... DONE.

Header checksum is valid.
Source      : C:\Users\самсунг\Documents\МГИУ\DIPLOM\Diplomaster\Diplomaster\bin\Debug\Database.sdf
Destination : n/a
Verifying - verMajor: 4, verMinor: 0, verBuild: 8876, verPoint: 1
Time - 2015-13-01 02:27:32.113

 All Pages have valid checksum.
Parse the db file and build list of tables ... DONE.
Cleanup Page list ... DONE.
Scan bad pages ... DONE.
Parse SysObjects table ... DONE.
Copy Tables ... DONE.

Header checksum is valid.
Source      : C:\Users\самсунг\Documents\МГИУ\DIPLOM\Diplomaster\Diplomaster\bin\Debug\Database.sdf
Destination : n/a
Verifying - verMajor: 4, verMinor: 0, verBuild: 8876, verPoint: 1
Time - 2015-13-01 02:31:15.078

 All Pages have valid checksum.
Parse the db file and build list of tables ... DONE.
Cleanup Page list ... DONE.
Scan bad pages ... DONE.
Parse SysObjects table ... DONE.
Copy Tables ... DONE.

Header checksum is valid.
Source      : C:\Users\самсунг\Documents\МГИУ\DIPLOM\Diplomaster\Diplomaster\bin\Debug\Database.sdf
Destination : n/a
Verifying - verMajor: 4, verMinor: 0, verBuild: 8876, verPoint: 1
Time - 2015-13-01 02:34:32.034

 All Pages have valid checksum.
Parse the db file and build list of tables ... DONE.
Cleanup Page list ... DONE.
Scan bad pages ... DONE.
Parse SysObjects table ... DONE.
Copy Tables ... DONE.

Header checksum is valid.
Source      : C:\Users\самсунг\Documents\МГИУ\DIPLOM\Diplomaster\Diplomaster\bin\Debug\Database.sdf
Destination : n/a
Verifying - verMajor: 4, verMinor: 0, verBuild: 8876, verPoint: 1
Time - 2015-13-01 02:42:12.707

 All Pages have valid checksum.
Parse the db file and build list of tables ... DONE.
Cleanup Page list ... DONE.
Scan bad pages ... DONE.
Parse SysObjects table ... DONE.
Copy Tables ... DONE.

Header checksum is valid.
Source      : C:\Users\самсунг\Documents\МГИУ\DIPLOM\Diplomaster\Diplomaster\bin\Debug\Database.sdf
Destination : n/a
Verifying - verMajor: 4, verMinor: 0, verBuild: 8876, verPoint: 1
Time - 2015-13-01 02:43:59.233

 All Pages have valid checksum.
Parse the db file and build list of tables ... DONE.
Cleanup Page list ... DONE.
Scan bad pages ... DONE.
Parse SysObjects table ... DONE.
Copy Tables ... DONE.

Header checksum is valid.
Source      : C:\Users\самсунг\Documents\МГИУ\DIPLOM\Diplomaster\Diplomaster\bin\Debug\Database.sdf
Destination : n/a
Verifying - verMajor: 4, verMinor: 0, verBuild: 8876, verPoint: 1
Time - 2015-13-01 02:44:11.713

 All Pages have valid checksum.
Parse the db file and build list of tables ... DONE.
Cleanup Page list ... DONE.
Scan bad pages ... DONE.
Parse SysObjects table ... DONE.
Copy Tables ... DONE.

Header checksum is valid.
Source      : C:\Users\самсунг\Documents\МГИУ\DIPLOM\Diplomaster\Diplomaster\bin\Debug\Database.sdf
Destination : n/a
Verifying - verMajor: 4, verMinor: 0, verBuild: 8876, verPoint: 1
Time - 2015-13-01 02:44:26.723

 All Pages have valid checksum.
Parse the db file and build list of tables ... DONE.
Cleanup Page list ... DONE.
Scan bad pages ... DONE.
Parse SysObjects table ... DONE.
Copy Tables ... DONE.

Header checksum is valid.
Source      : C:\Users\самсунг\Documents\МГИУ\DIPLOM\Diplomaster\Diplomaster\bin\Debug\Database.sdf
Destination : n/a
Verifying - verMajor: 4, verMinor: 0, verBuild: 8876, verPoint: 1
Time - 2015-13-01 02:47:07.453

 All Pages have valid checksum.
Parse the db file and build list of tables ... DONE.
Cleanup Page list ... DONE.
Scan bad pages ... DONE.
Parse SysObjects table ... DONE.
Copy Tables ... DONE.

Header checksum is valid.
Source      : C:\Users\самсунг\Documents\МГИУ\DIPLOM\Diplomaster\Diplomaster\bin\Debug\Database.sdf
Destination : n/a
Verifying - verMajor: 4, verMinor: 0, verBuild: 8876, verPoint: 1
Time - 2015-13-01 02:47:41.709

 All Pages have valid checksum.
Parse the db file and build list of tables ... DONE.
Cleanup Page list ... DONE.
Scan bad pages ... DONE.
Parse SysObjects table ... DONE.
Copy Tables ... DONE.

Header checksum is valid.
Source      : C:\Users\самсунг\Documents\МГИУ\DIPLOM\Diplomaster\Diplomaster\bin\Debug\Database.sdf
Destination : n/a
Verifying - verMajor: 4, verMinor: 0, verBuild: 8876, verPoint: 1
Time - 2015-13-01 02:48:04.028

 All Pages have valid checksum.
Parse the db file and build list of tables ... DONE.
Cleanup Page list ... DONE.
Scan bad pages ... DONE.
Parse SysObjects table ... DONE.
Copy Tables ... DONE.

Header checksum is valid.
Source      : C:\Users\самсунг\Documents\МГИУ\DIPLOM\Diplomaster\Diplomaster\bin\Debug\Database.sdf
Destination : n/a
Verifying - verMajor: 4, verMinor: 0, verBuild: 8876, verPoint: 1
Time - 2015-13-01 02:48:37.631

 All Pages have valid checksum.
Parse the db file and build list of tables ... DONE.
Cleanup Page list ... DONE.
Scan bad pages ... DONE.
Parse SysObjects table ... DONE.
Copy Tables ... DONE.

Header checksum is valid.
Source      : C:\Users\самсунг\Documents\МГИУ\DIPLOM\Diplomaster\Diplomaster\bin\Debug\Database.sdf
Destination : n/a
Verifying - verMajor: 4, verMinor: 0, verBuild: 8876, verPoint: 1
Time - 2015-13-01 02:48:49.704

 All Pages have valid checksum.
Parse the db file and build list of tables ... DONE.
Cleanup Page list ... DONE.
Scan bad pages ... DONE.
Parse SysObjects table ... DONE.
Copy Tables ... DONE.

Header checksum is valid.
Source      : C:\Users\самсунг\Documents\МГИУ\DIPLOM\Diplomaster\Diplomaster\bin\Debug\Database.sdf
Destination : n/a
Verifying - verMajor: 4, verMinor: 0, verBuild: 8876, verPoint: 1
Time - 2015-13-01 02:49:09.378

 All Pages have valid checksum.
Parse the db file and build list of tables ... DONE.
Cleanup Page list ... DONE.
Scan bad pages ... DONE.
Parse SysObjects table ... DONE.
Copy Tables ... DONE.

Header checksum is valid.
Source      : C:\Users\самсунг\Documents\МГИУ\DIPLOM\Diplomaster\Diplomaster\bin\Debug\Database.sdf
Destination : n/a
Verifying - verMajor: 4, verMinor: 0, verBuild: 8876, verPoint: 1
Time - 2015-13-01 02:49:35.392

 All Pages have valid checksum.
Parse the db file and build list of tables ... DONE.
Cleanup Page list ... DONE.
Scan bad pages ... DONE.
Parse SysObjects table ... DONE.
Copy Tables ... DONE.

Header checksum is valid.
Source      : C:\Users\самсунг\Documents\МГИУ\DIPLOM\Diplomaster\Diplomaster\bin\Debug\Database.sdf
Destination : n/a
Verifying - verMajor: 4, verMinor: 0, verBuild: 8876, verPoint: 1
Time - 2015-13-01 02:50:33.139

 All Pages have valid checksum.
Parse the db file and build list of tables ... DONE.
Cleanup Page list ... DONE.
Scan bad pages ... DONE.
Parse SysObjects table ... DONE.
Copy Tables ... DONE.

Header checksum is valid.
Source      : C:\Users\самсунг\Documents\МГИУ\DIPLOM\Diplomaster\Diplomaster\bin\Debug\Database.sdf
Destination : n/a
Verifying - verMajor: 4, verMinor: 0, verBuild: 8876, verPoint: 1
Time - 2015-13-01 02:50:43.514

 All Pages have valid checksum.
Parse the db file and build list of tables ... DONE.
Cleanup Page list ... DONE.
Scan bad pages ... DONE.
Parse SysObjects table ... DONE.
Copy Tables ... DONE.

Header checksum is valid.
Source      : C:\Users\самсунг\Documents\МГИУ\DIPLOM\Diplomaster\Diplomaster\bin\Debug\Database.sdf
Destination : n/a
Verifying - verMajor: 4, verMinor: 0, verBuild: 8876, verPoint: 1
Time - 2015-13-01 02:51:55.835

 All Pages have valid checksum.
Parse the db file and build list of tables ... DONE.
Cleanup Page list ... DONE.
Scan bad pages ... DONE.
Parse SysObjects table ... DONE.
Copy Tables ... DONE.

Header checksum is valid.
Source      : C:\Users\самсунг\Documents\МГИУ\DIPLOM\Diplomaster\Diplomaster\bin\Debug\Database.sdf
Destination : n/a
Verifying - verMajor: 4, verMinor: 0, verBuild: 8876, verPoint: 1
Time - 2015-13-01 02:52:28.633

 All Pages have valid checksum.
Parse the db file and build list of tables ... DONE.
Cleanup Page list ... DONE.
Scan bad pages ... DONE.
Parse SysObjects table ... DONE.
Copy Tables ... DONE.

Header checksum is valid.
Source      : C:\Users\самсунг\Documents\МГИУ\DIPLOM\Diplomaster\Diplomaster\bin\Debug\Database.sdf
Destination : n/a
Verifying - verMajor: 4, verMinor: 0, verBuild: 8876, verPoint: 1
Time - 2015-13-01 02:53:16.884

 All Pages have valid checksum.
Parse the db file and build list of tables ... DONE.
Cleanup Page list ... DONE.
Scan bad pages ... DONE.
Parse SysObjects table ... DONE.
Copy Tables ... DONE.

Header checksum is valid.
Source      : C:\Users\самсунг\Documents\МГИУ\DIPLOM\Diplomaster\Diplomaster\bin\Debug\Database.sdf
Destination : n/a
Verifying - verMajor: 4, verMinor: 0, verBuild: 8876, verPoint: 1
Time - 2015-13-01 02:53:38.483

 All Pages have valid checksum.
Parse the db file and build list of tables ... DONE.
Cleanup Page list ... DONE.
Scan bad pages ... DONE.
Parse SysObjects table ... DONE.
Copy Tables ... DONE.

Header checksum is valid.
Source      : C:\Users\самсунг\Documents\МГИУ\DIPLOM\Diplomaster\Diplomaster\bin\Debug\Database.sdf
Destination : n/a
Verifying - verMajor: 4, verMinor: 0, verBuild: 8876, verPoint: 1
Time - 2015-13-01 02:54:19.355

 All Pages have valid checksum.
Parse the db file and build list of tables ... DONE.
Cleanup Page list ... DONE.
Scan bad pages ... DONE.
Parse SysObjects table ... DONE.
Copy Tables ... DONE.

Header checksum is valid.
Source      : C:\Users\самсунг\Documents\МГИУ\DIPLOM\Diplomaster\Diplomaster\bin\Debug\Database.sdf
Destination : n/a
Verifying - verMajor: 4, verMinor: 0, verBuild: 8876, verPoint: 1
Time - 2015-13-01 02:55:21.125

 All Pages have valid checksum.
Parse the db file and build list of tables ... DONE.
Cleanup Page list ... DONE.
Scan bad pages ... DONE.
Parse SysObjects table ... DONE.
Copy Tables ... DONE.

Header checksum is valid.
Source      : C:\Users\самсунг\Documents\МГИУ\DIPLOM\Diplomaster\Diplomaster\bin\Debug\Database.sdf
Destination : n/a
Verifying - verMajor: 4, verMinor: 0, verBuild: 8876, verPoint: 1
Time - 2015-13-01 02:55:51.976

 All Pages have valid checksum.
Parse the db file and build list of tables ... DONE.
Cleanup Page list ... DONE.
Scan bad pages ... DONE.
Parse SysObjects table ... DONE.
Copy Tables ... DONE.

Header checksum is valid.
Source      : C:\Users\самсунг\Documents\МГИУ\DIPLOM\Diplomaster\Diplomaster\bin\Debug\Database.sdf
Destination : n/a
Verifying - verMajor: 4, verMinor: 0, verBuild: 8876, verPoint: 1
Time - 2015-13-01 02:57:00.104

 All Pages have valid checksum.
Parse the db file and build list of tables ... DONE.
Cleanup Page list ... DONE.
Scan bad pages ... DONE.
Parse SysObjects table ... DONE.
Copy Tables ... DONE.

Header checksum is valid.
Source      : C:\Users\самсунг\Documents\МГИУ\DIPLOM\Diplomaster\Diplomaster\bin\Debug\Database.sdf
Destination : n/a
Verifying - verMajor: 4, verMinor: 0, verBuild: 8476, verPoint: 1
Time - 2015-13-01 03:10:31.692

 All Pages have valid checksum.
Parse the db file and build list of tables ... DONE.
Cleanup Page list ... DONE.
Scan bad pages ... DONE.
Parse SysObjects table ... DONE.
Copy Tables ... DONE.

Header checksum is valid.
Source      : C:\Users\самсунг\Documents\МГИУ\DIPLOM\Diplomaster\Diplomaster\bin\Debug\Database.sdf
Destination : n/a
Verifying - verMajor: 4, verMinor: 0, verBuild: 8476, verPoint: 1
Time - 2015-13-01 03:32:30.184

 All Pages have valid checksum.
Parse the db file and build list of tables ... DONE.
Cleanup Page list ... DONE.
Scan bad pages ... DONE.
Parse SysObjects table ... DONE.
Copy Tables ... DONE.

Header checksum is valid.
Source      : C:\Users\самсунг\Documents\МГИУ\DIPLOM\Diplomaster\Diplomaster\bin\Debug\Database.sdf
Destination : n/a
Verifying - verMajor: 4, verMinor: 0, verBuild: 8476, verPoint: 1
Time - 2015-13-01 13:10:53.480

 All Pages have valid checksum.
Parse the db file and build list of tables ... DONE.
Cleanup Page list ... DONE.
Scan bad pages ... DONE.
Parse SysObjects table ... DONE.
Copy Tables ... DONE.

Header checksum is valid.
Source      : C:\Users\самсунг\Documents\МГИУ\DIPLOM\Diplomaster\Diplomaster\bin\Debug\Database.sdf
Destination : n/a
Verifying - verMajor: 4, verMinor: 0, verBuild: 8476, verPoint: 1
Time - 2015-13-01 13:11:28.814

 All Pages have valid checksum.
Parse the db file and build list of tables ... DONE.
Cleanup Page list ... DONE.
Scan bad pages ... DONE.
Parse SysObjects table ... DONE.
Copy Tables ... DONE.

Header checksum is valid.
Source      : C:\Users\самсунг\Documents\МГИУ\DIPLOM\Diplomaster\Diplomaster\bin\Debug\Database.sdf
Destination : n/a
Verifying - verMajor: 4, verMinor: 0, verBuild: 8476, verPoint: 1
Time - 2015-13-01 13:14:35.590

 All Pages have valid checksum.
Parse the db file and build list of tables ... DONE.
Cleanup Page list ... DONE.
Scan bad pages ... DONE.
Parse SysObjects table ... DONE.
Copy Tables ... DONE.

Header checksum is valid.
Source      : C:\Users\самсунг\Documents\МГИУ\DIPLOM\Diplomaster\Diplomaster\bin\Debug\Database.sdf
Destination : n/a
Verifying - verMajor: 4, verMinor: 0, verBuild: 8476, verPoint: 1
Time - 2015-13-01 13:15:25.218

 All Pages have valid checksum.
Parse the db file and build list of tables ... DONE.
Cleanup Page list ... DONE.
Scan bad pages ... DONE.
Parse SysObjects table ... DONE.
Copy Tables ... DONE.

Header checksum is valid.
Source      : C:\Users\самсунг\Documents\МГИУ\DIPLOM\Diplomaster\Diplomaster\bin\Debug\Database.sdf
Destination : n/a
Verifying - verMajor: 4, verMinor: 0, verBuild: 8476, verPoint: 1
Time - 2015-13-01 13:24:42.879

 All Pages have valid checksum.
Parse the db file and build list of tables ... DONE.
Cleanup Page list ... DONE.
Scan bad pages ... DONE.
Parse SysObjects table ... DONE.
Copy Tables ... DONE.

Header checksum is valid.
Source      : C:\Users\самсунг\Documents\МГИУ\DIPLOM\Diplomaster\Diplomaster\bin\Debug\Database.sdf
Destination : n/a
Verifying - verMajor: 4, verMinor: 0, verBuild: 8476, verPoint: 1
Time - 2015-13-01 13:25:02.660

 All Pages have valid checksum.
Parse the db file and build list of tables ... DONE.
Cleanup Page list ... DONE.
Scan bad pages ... DONE.
Parse SysObjects table ... DONE.
Copy Tables ... DONE.

Header checksum is valid.
Source      : C:\Users\самсунг\Documents\МГИУ\DIPLOM\Diplomaster\Diplomaster\bin\Debug\Database.sdf
Destination : n/a
Verifying - verMajor: 4, verMinor: 0, verBuild: 8476, verPoint: 1
Time - 2015-13-01 13:25:50.008

 All Pages have valid checksum.
Parse the db file and build list of tables ... DONE.
Cleanup Page list ... DONE.
Scan bad pages ... DONE.
Parse SysObjects table ... DONE.
Copy Tables ... DONE.

Header checksum is valid.
Source      : C:\Users\самсунг\Documents\МГИУ\DIPLOM\Diplomaster\Diplomaster\bin\Debug\Database.sdf
Destination : n/a
Verifying - verMajor: 4, verMinor: 0, verBuild: 8476, verPoint: 1
Time - 2015-13-01 13:26:16.551

 All Pages have valid checksum.
Parse the db file and build list of tables ... DONE.
Cleanup Page list ... DONE.
Scan bad pages ... DONE.
Parse SysObjects table ... DONE.
Copy Tables ... DONE.

Header checksum is valid.
Source      : C:\Users\самсунг\Documents\МГИУ\DIPLOM\Diplomaster\Diplomaster\bin\Debug\Database.sdf
Destination : n/a
Verifying - verMajor: 4, verMinor: 0, verBuild: 8476, verPoint: 1
Time - 2015-13-01 13:26:45.472

 All Pages have valid checksum.
Parse the db file and build list of tables ... DONE.
Cleanup Page list ... DONE.
Scan bad pages ... DONE.
Parse SysObjects table ... DONE.
Copy Tables ... DONE.

Header checksum is valid.
Source      : C:\Users\самсунг\Documents\МГИУ\DIPLOM\Diplomaster\Diplomaster\bin\Debug\Database.sdf
Destination : n/a
Verifying - verMajor: 4, verMinor: 0, verBuild: 8476, verPoint: 1
Time - 2015-13-01 13:26:56.646

 All Pages have valid checksum.
Parse the db file and build list of tables ... DONE.
Cleanup Page list ... DONE.
Scan bad pages ... DONE.
Parse SysObjects table ... DONE.
Copy Tables ... DONE.

Header checksum is valid.
Source      : C:\Users\самсунг\Documents\МГИУ\DIPLOM\Diplomaster\Diplomaster\bin\Debug\Database.sdf
Destination : n/a
Verifying - verMajor: 4, verMinor: 0, verBuild: 8476, verPoint: 1
Time - 2015-13-01 13:27:46.564

 All Pages have valid checksum.
Parse the db file and build list of tables ... DONE.
Cleanup Page list ... DONE.
Scan bad pages ... DONE.
Parse SysObjects table ... DONE.
Copy Tables ... DONE.

Header checksum is valid.
Source      : C:\Users\самсунг\Documents\МГИУ\DIPLOM\Diplomaster\Diplomaster\bin\Debug\Database.sdf
Destination : n/a
Verifying - verMajor: 4, verMinor: 0, verBuild: 8476, verPoint: 1
Time - 2015-13-01 13:30:18.574

 All Pages have valid checksum.
Parse the db file and build list of tables ... DONE.
Cleanup Page list ... DONE.
Scan bad pages ... DONE.
Parse SysObjects table ... DONE.
Copy Tables ... DONE.

Header checksum is valid.
Source      : C:\Users\самсунг\Documents\МГИУ\DIPLOM\Diplomaster\Diplomaster\bin\Debug\Database.sdf
Destination : n/a
Verifying - verMajor: 4, verMinor: 0, verBuild: 8476, verPoint: 1
Time - 2015-13-01 13:35:06.697

 All Pages have valid checksum.
Parse the db file and build list of tables ... DONE.
Cleanup Page list ... DONE.
Scan bad pages ... DONE.
Parse SysObjects table ... DONE.
Copy Tables ... DONE.

Header checksum is valid.
Source      : C:\Users\самсунг\Documents\МГИУ\DIPLOM\Diplomaster\Diplomaster\bin\Debug\Database.sdf
Destination : n/a
Verifying - verMajor: 4, verMinor: 0, verBuild: 8476, verPoint: 1
Time - 2015-13-01 13:36:28.221

 All Pages have valid checksum.
Parse the db file and build list of tables ... DONE.
Cleanup Page list ... DONE.
Scan bad pages ... DONE.
Parse SysObjects table ... DONE.
Copy Tables ... DONE.

Header checksum is valid.
Source      : C:\Users\самсунг\Documents\МГИУ\DIPLOM\Diplomaster\Diplomaster\bin\Debug\Database.sdf
Destination : n/a
Verifying - verMajor: 4, verMinor: 0, verBuild: 8476, verPoint: 1
Time - 2015-13-01 13:38:35.052

 All Pages have valid checksum.
Parse the db file and build list of tables ... DONE.
Cleanup Page list ... DONE.
Scan bad pages ... DONE.
Parse SysObjects table ... DONE.
Copy Tables ... DONE.

Header checksum is valid.
Source      : C:\Users\самсунг\Documents\МГИУ\DIPLOM\Diplomaster\Diplomaster\bin\Debug\Database.sdf
Destination : n/a
Verifying - verMajor: 4, verMinor: 0, verBuild: 8476, verPoint: 1
Time - 2015-13-01 13:40:36.906

 All Pages have valid checksum.
Parse the db file and build list of tables ... DONE.
Cleanup Page list ... DONE.
Scan bad pages ... DONE.
Parse SysObjects table ... DONE.
Copy Tables ... DONE.

Header checksum is valid.
Source      : C:\Users\самсунг\Documents\МГИУ\DIPLOM\Diplomaster\Diplomaster\bin\Debug\Database.sdf
Destination : n/a
Verifying - verMajor: 4, verMinor: 0, verBuild: 8476, verPoint: 1
Time - 2015-13-01 13:45:04.743

 All Pages have valid checksum.
Parse the db file and build list of tables ... DONE.
Cleanup Page list ... DONE.
Scan bad pages ... DONE.
Parse SysObjects table ... DONE.
Copy Tables ... DONE.

Header checksum is valid.
Source      : C:\Users\самсунг\Documents\МГИУ\DIPLOM\Diplomaster\Diplomaster\bin\Debug\Database.sdf
Destination : n/a
Verifying - verMajor: 4, verMinor: 0, verBuild: 8476, verPoint: 1
Time - 2015-13-01 13:53:13.948

 All Pages have valid checksum.
Parse the db file and build list of tables ... DONE.
Cleanup Page list ... DONE.
Scan bad pages ... DONE.
Parse SysObjects table ... DONE.
Copy Tables ... DONE.

Header checksum is valid.
Source      : C:\Users\самсунг\Documents\МГИУ\DIPLOM\Diplomaster\Diplomaster\bin\Debug\Database.sdf
Destination : n/a
Verifying - verMajor: 4, verMinor: 0, verBuild: 8476, verPoint: 1
Time - 2015-13-01 13:56:19.195

 All Pages have valid checksum.
Parse the db file and build list of tables ... DONE.
Cleanup Page list ... DONE.
Scan bad pages ... DONE.
Parse SysObjects table ... DONE.
Copy Tables ... DONE.

Header checksum is valid.
Source      : C:\Users\самсунг\Documents\МГИУ\DIPLOM\Diplomaster\Diplomaster\bin\Debug\Database.sdf
Destination : n/a
Verifying - verMajor: 4, verMinor: 0, verBuild: 8476, verPoint: 1
Time - 2015-13-01 14:04:05.452

 All Pages have valid checksum.
Parse the db file and build list of tables ... DONE.
Cleanup Page list ... DONE.
Scan bad pages ... DONE.
Parse SysObjects table ... DONE.
Copy Tables ... DONE.

